<?xml version="1.0" encoding="UTF-8"?>
<!-- Generated by org.testng.reporters.JUnitReportReporter -->
<testsuite skipped="0" hostname="HAH1W10BLR" name="sample.tests.TestAPHome" tests="7" failures="0" timestamp="25 Jul 2018 06:11:44 GMT" time="109.219" errors="0">
  <testcase name="testStaleElementReferenceException" time="23.211" classname="sample.tests.TestAPHome"/>
  <testcase name="TestAPTitle" time="14.315" classname="sample.tests.TestAPHome"/>
  <testcase name="openBrowser" time="5.480" classname="sample.tests.TestAPHome"/>
  <testcase name="testScroll" time="20.261" classname="sample.tests.TestAPHome"/>
  <testcase name="testFlash" time="2.935" classname="sample.tests.TestAPHome"/>
  <testcase name="highligtLogonButton" time="19.977" classname="sample.tests.TestAPHome"/>
  <testcase name="testheadless" time="23.040" classname="sample.tests.TestAPHome"/>
</testsuite> <!-- sample.tests.TestAPHome -->
