<?xml version="1.0" encoding="UTF-8"?>
<!-- Generated by org.testng.reporters.JUnitReportReporter -->
<testsuite skipped="1" hostname="HAH1W10BLR" name="sample.tests.TestDataProvider" tests="3" failures="0" timestamp="25 Jul 2018 06:11:44 GMT" time="10.319" errors="0">
  <testcase name="instantiatebrowser" time="6.844" classname="sample.tests.TestDataProvider"/>
  <testcase name="instantiatebrowser" time="3.475" classname="sample.tests.TestDataProvider"/>
  <testcase name="qualificationTest" classname="sample.tests.TestDataProvider">
    <skipped/>
  </testcase> <!-- qualificationTest -->
</testsuite> <!-- sample.tests.TestDataProvider -->
