<?xml version="1.0" encoding="UTF-8"?>
<!-- Generated by org.testng.reporters.JUnitReportReporter -->
<testsuite skipped="0" hostname="HAH1W10BLR" name="sample.tests.TestSequencing" tests="2" failures="0" timestamp="25 Jul 2018 06:11:44 GMT" time="0.030" errors="0">
  <testcase name="testCaseA" time="0.010" classname="sample.tests.TestSequencing"/>
  <testcase name="testCase1" time="0.020" classname="sample.tests.TestSequencing"/>
</testsuite> <!-- sample.tests.TestSequencing -->
