<?xml version="1.0" encoding="UTF-8"?>
<!-- Generated by org.testng.reporters.JUnitReportReporter -->
<testsuite skipped="0" hostname="HAH1W10BLR" name="sample.tests.TestGrouping" tests="6" failures="0" timestamp="25 Jul 2018 06:11:44 GMT" time="0.025" errors="0">
  <testcase name="dog" time="0.000" classname="sample.tests.TestGrouping"/>
  <testcase name="dolphin" time="0.010" classname="sample.tests.TestGrouping"/>
  <testcase name="frog" time="0.001" classname="sample.tests.TestGrouping"/>
  <testcase name="elephant" time="0.001" classname="sample.tests.TestGrouping"/>
  <testcase name="shark" time="0.003" classname="sample.tests.TestGrouping"/>
  <testcase name="croc" time="0.010" classname="sample.tests.TestGrouping"/>
</testsuite> <!-- sample.tests.TestGrouping -->
