<?xml version="1.0" encoding="UTF-8"?>
<!-- Generated by org.testng.reporters.JUnitXMLReporter -->
<testsuite hostname="HAH1W10BLR" name="Test-class test 1" tests="2" failures="1" timestamp="12 Jul 2021 11:44:09 GMT" time="50.126" errors="0">
  <testcase name="TestScrollUsingActions" time="13.311" classname="sample.guru99.TestScrolling"/>
  <testcase name="TestScrollUsingJS" time="27.303" classname="sample.guru99.TestScrolling">
    <failure type="org.openqa.selenium.NoSuchSessionException" message="Session ID is null. Using WebDriver after calling quit()?
Build info: version: &amp;apos;3.4.0&amp;apos;, revision: &amp;apos;unknown&amp;apos;, time: &amp;apos;unknown&amp;apos;
System info: host: &amp;apos;HAH1W10BLR&amp;apos;, ip: &amp;apos;10.201.133.151&amp;apos;, os.name: &amp;apos;Windows 10&amp;apos;, os.arch: &amp;apos;amd64&amp;apos;, os.version: &amp;apos;10.0&amp;apos;, java.version: &amp;apos;1.8.0_232&amp;apos;
Driver info: driver.version: RemoteWebDriver">
      <![CDATA[org.openqa.selenium.NoSuchSessionException: Session ID is null. Using WebDriver after calling quit()?
Build info: version: '3.4.0', revision: 'unknown', time: 'unknown'
System info: host: 'HAH1W10BLR', ip: '10.201.133.151', os.name: 'Windows 10', os.arch: 'amd64', os.version: '10.0', java.version: '1.8.0_232'
Driver info: driver.version: RemoteWebDriver
	at org.openqa.selenium.remote.HttpCommandExecutor.execute(HttpCommandExecutor.java:131)
	at org.openqa.selenium.remote.service.DriverCommandExecutor.execute(DriverCommandExecutor.java:82)
	at org.openqa.selenium.remote.RemoteWebDriver.execute(RemoteWebDriver.java:637)
	at org.openqa.selenium.remote.RemoteWebDriver.perform(RemoteWebDriver.java:703)
	at org.openqa.selenium.interactions.Actions$BuiltAction.perform(Actions.java:631)
	at org.openqa.selenium.interactions.Actions.perform(Actions.java:593)
	at core.util.SeleniumCore.moveToElement(SeleniumCore.java:29)
	at sample.guru99.TestScrolling.TestScrollUsingJS(TestScrolling.java:47)
	at java.util.concurrent.ThreadPoolExecutor.runWorker(ThreadPoolExecutor.java:1149)
	at java.util.concurrent.ThreadPoolExecutor$Worker.run(ThreadPoolExecutor.java:624)
	at java.lang.Thread.run(Thread.java:819)
... Removed 10 stack frames]]>
    </failure>
  </testcase> <!-- TestScrollUsingJS -->
</testsuite> <!-- Test-class test 1 -->
