<?xml version="1.0" encoding="UTF-8"?>
<!-- Generated by org.testng.reporters.JUnitXMLReporter -->
<testsuite hostname="HAH1W10BLR" ignored="0" name="Test-class test 1" tests="2" failures="0" timestamp="2021-07-29T12:20:56 IST" time="18.365" errors="0">
  <testcase name="testMethod" time="17.247" classname="sample.tests.parallel.ParallelSuiteTest"/>
  <testcase name="testMethod10" time="18.301" classname="sample.tests.parallel.ParallelSuiteTest"/>
</testsuite> <!-- Test-class test 1 -->
