<?xml version="1.0" encoding="UTF-8"?>
<!-- Generated by org.testng.reporters.JUnitReportReporter -->
<testsuite skipped="0" hostname="HAH1W10BLR" name="sample.tests.parallel.ParallelSuiteTest" tests="2" failures="0" timestamp="2021-07-29T12:20:58 IST" time="35.561" errors="0">
  <testcase name="testMethod" time="17.254" classname="sample.tests.parallel.ParallelSuiteTest"/>
  <system-out/>
  <testcase name="testMethod10" time="18.307" classname="sample.tests.parallel.ParallelSuiteTest"/>
  <system-out/>
</testsuite> <!-- sample.tests.parallel.ParallelSuiteTest -->
