<?xml version="1.0" encoding="UTF-8"?>
<!-- Generated by org.testng.reporters.JUnitReportReporter -->
<testsuite hostname="LAPTOP-TG0KRG92" failures="0" tests="1" name="com.rahulshetty.TestRSAcademy" time="0.538" errors="0" timestamp="2021-07-25T18:57:16 IST" skipped="0">
  <testcase classname="com.rahulshetty.TestRSAcademy" name="testPassengersSelection" time="0.538"/>
  <system-out/>
</testsuite> <!-- com.rahulshetty.TestRSAcademy -->
