<?xml version="1.0" encoding="UTF-8"?>
<!-- Generated by org.testng.reporters.JUnitReportReporter -->
<testsuite hostname="LT14-HAH1-IND" failures="0" tests="1" name="com.webdriver.tests.SessionStorageTest" time="8.108" errors="0" timestamp="2021-08-29T15:33:52 IST" skipped="0">
  <testcase classname="com.webdriver.tests.SessionStorageTest" name="test" time="8.108"/>
  <system-out/>
</testsuite> <!-- com.webdriver.tests.SessionStorageTest -->
