<?xml version="1.0" encoding="UTF-8"?>
<!-- Generated by org.testng.reporters.JUnitReportReporter -->
<testsuite hostname="LAPTOP-TG0KRG92" failures="0" tests="2" name="sample.guru99.TestScrolling" time="45.348" errors="0" timestamp="2021-07-21T23:26:20 IST" skipped="0">
  <testcase classname="sample.guru99.TestScrolling" name="TestScrollUsingActions" time="21.781"/>
  <system-out/>
  <testcase classname="sample.guru99.TestScrolling" name="TestScrollUsingJS" time="23.567"/>
  <system-out/>
</testsuite> <!-- sample.guru99.TestScrolling -->
