<?xml version="1.0" encoding="UTF-8"?>
<!-- Generated by org.testng.reporters.JUnitReportReporter -->
<testsuite hostname="LT14-HAH1-IND" failures="0" tests="1" name="com.webdriver.tests.TestSShot" time="2.466" errors="0" timestamp="2021-08-29T21:28:45 IST" skipped="0">
  <testcase classname="com.webdriver.tests.TestSShot" name="testSS" time="2.466"/>
  <system-out/>
</testsuite> <!-- com.webdriver.tests.TestSShot -->
