<?xml version="1.0" encoding="UTF-8"?>
<!-- Generated by org.testng.reporters.JUnitReportReporter -->
<testsuite hostname="LT14-HAH1-IND" failures="0" tests="15" name="testng.tests.TestPriority" time="0.055" errors="0" timestamp="2021-09-17T12:45:04 IST" skipped="0">
  <testcase classname="testng.tests.TestPriority" name="One" time="0.001"/>
  <system-out>
    <![CDATA[In onTestStart(ITestResult arg) ===== :class com.listeners.hooks.Listener

In before method Invocation :class com.listeners.hooks.Listener

Before executingTestPriority.One()[pri:0, instance:testng.tests.TestPriority@290222c1]

In after method Invocation :class com.listeners.hooks.Listener

After executing :TestPriority.One()[pri:0, instance:testng.tests.TestPriority@290222c1]

In onTestSuccess(ITestResult result) ===== :class com.listeners.hooks.Listener

In before method Invocation :class com.listeners.hooks.Listener

Before executingTestPriority.quit()[pri:0, instance:testng.tests.TestPriority@290222c1]
]]>
  </system-out>
  <testcase classname="testng.tests.TestPriority" name="One" time="0.001"/>
  <system-out>
    <![CDATA[In onTestStart(ITestResult arg) ===== :class com.listeners.hooks.Listener

In before method Invocation :class com.listeners.hooks.Listener

Before executingTestPriority.One()[pri:0, instance:testng.tests.TestPriority@437da279]

In after method Invocation :class com.listeners.hooks.Listener

After executing :TestPriority.One()[pri:0, instance:testng.tests.TestPriority@437da279]

In onTestSuccess(ITestResult result) ===== :class com.listeners.hooks.Listener

In before method Invocation :class com.listeners.hooks.Listener

Before executingTestPriority.quit()[pri:0, instance:testng.tests.TestPriority@437da279]
]]>
  </system-out>
  <testcase classname="testng.tests.TestPriority" name="One" time="0.025"/>
  <system-out>
    <![CDATA[In onTestStart(ITestResult arg) ===== :class com.listeners.hooks.Listener

In before method Invocation :class com.listeners.hooks.Listener

Before executingTestPriority.One()[pri:0, instance:testng.tests.TestPriority@1a18644]

In after method Invocation :class com.listeners.hooks.Listener

After executing :TestPriority.One()[pri:0, instance:testng.tests.TestPriority@1a18644]

In onTestSuccess(ITestResult result) ===== :class com.listeners.hooks.Listener

In before method Invocation :class com.listeners.hooks.Listener

Before executingTestPriority.quit()[pri:0, instance:testng.tests.TestPriority@1a18644]
]]>
  </system-out>
  <testcase classname="testng.tests.TestPriority" name="Two" time="0.007"/>
  <system-out>
    <![CDATA[In onTestStart(ITestResult arg) ===== :class com.listeners.hooks.Listener

In before method Invocation :class com.listeners.hooks.Listener

Before executingTestPriority.Two()[pri:1, instance:testng.tests.TestPriority@1a18644]

In after method Invocation :class com.listeners.hooks.Listener

After executing :TestPriority.Two()[pri:1, instance:testng.tests.TestPriority@1a18644]

In onTestSuccess(ITestResult result) ===== :class com.listeners.hooks.Listener

In before method Invocation :class com.listeners.hooks.Listener

Before executingTestPriority.quit()[pri:0, instance:testng.tests.TestPriority@1a18644]
]]>
  </system-out>
  <testcase classname="testng.tests.TestPriority" name="Two" time="0.001"/>
  <system-out>
    <![CDATA[In onTestStart(ITestResult arg) ===== :class com.listeners.hooks.Listener

In before method Invocation :class com.listeners.hooks.Listener

Before executingTestPriority.Two()[pri:1, instance:testng.tests.TestPriority@290222c1]

In after method Invocation :class com.listeners.hooks.Listener

After executing :TestPriority.Two()[pri:1, instance:testng.tests.TestPriority@290222c1]

In onTestSuccess(ITestResult result) ===== :class com.listeners.hooks.Listener

In before method Invocation :class com.listeners.hooks.Listener

Before executingTestPriority.quit()[pri:0, instance:testng.tests.TestPriority@290222c1]
]]>
  </system-out>
  <testcase classname="testng.tests.TestPriority" name="Two" time="0.002"/>
  <system-out>
    <![CDATA[In onTestStart(ITestResult arg) ===== :class com.listeners.hooks.Listener

In before method Invocation :class com.listeners.hooks.Listener

Before executingTestPriority.Two()[pri:1, instance:testng.tests.TestPriority@437da279]

In after method Invocation :class com.listeners.hooks.Listener

After executing :TestPriority.Two()[pri:1, instance:testng.tests.TestPriority@437da279]

In onTestSuccess(ITestResult result) ===== :class com.listeners.hooks.Listener

In before method Invocation :class com.listeners.hooks.Listener

Before executingTestPriority.quit()[pri:0, instance:testng.tests.TestPriority@437da279]
]]>
  </system-out>
  <testcase classname="testng.tests.TestPriority" name="Three" time="0.001"/>
  <system-out>
    <![CDATA[In onTestStart(ITestResult arg) ===== :class com.listeners.hooks.Listener

In before method Invocation :class com.listeners.hooks.Listener

Before executingTestPriority.Three()[pri:2, instance:testng.tests.TestPriority@290222c1]

In after method Invocation :class com.listeners.hooks.Listener

After executing :TestPriority.Three()[pri:2, instance:testng.tests.TestPriority@290222c1]

In onTestSuccess(ITestResult result) ===== :class com.listeners.hooks.Listener

In before method Invocation :class com.listeners.hooks.Listener

Before executingTestPriority.quit()[pri:0, instance:testng.tests.TestPriority@290222c1]
]]>
  </system-out>
  <testcase classname="testng.tests.TestPriority" name="Three" time="0.002"/>
  <system-out>
    <![CDATA[In onTestStart(ITestResult arg) ===== :class com.listeners.hooks.Listener

In before method Invocation :class com.listeners.hooks.Listener

Before executingTestPriority.Three()[pri:2, instance:testng.tests.TestPriority@437da279]

In after method Invocation :class com.listeners.hooks.Listener

After executing :TestPriority.Three()[pri:2, instance:testng.tests.TestPriority@437da279]

In onTestSuccess(ITestResult result) ===== :class com.listeners.hooks.Listener

In before method Invocation :class com.listeners.hooks.Listener

Before executingTestPriority.quit()[pri:0, instance:testng.tests.TestPriority@437da279]
]]>
  </system-out>
  <testcase classname="testng.tests.TestPriority" name="Three" time="0.006"/>
  <system-out>
    <![CDATA[In onTestStart(ITestResult arg) ===== :class com.listeners.hooks.Listener

In before method Invocation :class com.listeners.hooks.Listener

Before executingTestPriority.Three()[pri:2, instance:testng.tests.TestPriority@1a18644]

In after method Invocation :class com.listeners.hooks.Listener

After executing :TestPriority.Three()[pri:2, instance:testng.tests.TestPriority@1a18644]

In onTestSuccess(ITestResult result) ===== :class com.listeners.hooks.Listener

In before method Invocation :class com.listeners.hooks.Listener

Before executingTestPriority.quit()[pri:0, instance:testng.tests.TestPriority@1a18644]
]]>
  </system-out>
  <testcase classname="testng.tests.TestPriority" name="Fifth" time="0.002"/>
  <system-out>
    <![CDATA[In onTestStart(ITestResult arg) ===== :class com.listeners.hooks.Listener

In before method Invocation :class com.listeners.hooks.Listener

Before executingTestPriority.Fifth()[pri:3, instance:testng.tests.TestPriority@1a18644]

In after method Invocation :class com.listeners.hooks.Listener

After executing :TestPriority.Fifth()[pri:3, instance:testng.tests.TestPriority@1a18644]

In onTestSuccess(ITestResult result) ===== :class com.listeners.hooks.Listener

In before method Invocation :class com.listeners.hooks.Listener

Before executingTestPriority.quit()[pri:0, instance:testng.tests.TestPriority@1a18644]
]]>
  </system-out>
  <testcase classname="testng.tests.TestPriority" name="Fourth" time="0.002"/>
  <system-out>
    <![CDATA[In onTestStart(ITestResult arg) ===== :class com.listeners.hooks.Listener

In before method Invocation :class com.listeners.hooks.Listener

Before executingTestPriority.Fourth()[pri:3, instance:testng.tests.TestPriority@437da279]

In after method Invocation :class com.listeners.hooks.Listener

After executing :TestPriority.Fourth()[pri:3, instance:testng.tests.TestPriority@437da279]

In onTestSuccess(ITestResult result) ===== :class com.listeners.hooks.Listener

In before method Invocation :class com.listeners.hooks.Listener

Before executingTestPriority.quit()[pri:0, instance:testng.tests.TestPriority@437da279]
]]>
  </system-out>
  <testcase classname="testng.tests.TestPriority" name="Fourth" time="0.001"/>
  <system-out>
    <![CDATA[In onTestStart(ITestResult arg) ===== :class com.listeners.hooks.Listener

In before method Invocation :class com.listeners.hooks.Listener

Before executingTestPriority.Fourth()[pri:3, instance:testng.tests.TestPriority@290222c1]

In after method Invocation :class com.listeners.hooks.Listener

After executing :TestPriority.Fourth()[pri:3, instance:testng.tests.TestPriority@290222c1]

In onTestSuccess(ITestResult result) ===== :class com.listeners.hooks.Listener

In before method Invocation :class com.listeners.hooks.Listener

Before executingTestPriority.quit()[pri:0, instance:testng.tests.TestPriority@290222c1]
]]>
  </system-out>
  <testcase classname="testng.tests.TestPriority" name="Fourth" time="0.002"/>
  <system-out>
    <![CDATA[In onTestStart(ITestResult arg) ===== :class com.listeners.hooks.Listener

In before method Invocation :class com.listeners.hooks.Listener

Before executingTestPriority.Fourth()[pri:3, instance:testng.tests.TestPriority@1a18644]

In after method Invocation :class com.listeners.hooks.Listener

After executing :TestPriority.Fourth()[pri:3, instance:testng.tests.TestPriority@1a18644]

In onTestSuccess(ITestResult result) ===== :class com.listeners.hooks.Listener

In before method Invocation :class com.listeners.hooks.Listener

Before executingTestPriority.quit()[pri:0, instance:testng.tests.TestPriority@1a18644]
]]>
  </system-out>
  <testcase classname="testng.tests.TestPriority" name="Fifth" time="0.000"/>
  <system-out>
    <![CDATA[In onTestStart(ITestResult arg) ===== :class com.listeners.hooks.Listener

In before method Invocation :class com.listeners.hooks.Listener

Before executingTestPriority.Fifth()[pri:3, instance:testng.tests.TestPriority@290222c1]

In after method Invocation :class com.listeners.hooks.Listener

After executing :TestPriority.Fifth()[pri:3, instance:testng.tests.TestPriority@290222c1]

In onTestSuccess(ITestResult result) ===== :class com.listeners.hooks.Listener

In before method Invocation :class com.listeners.hooks.Listener

Before executingTestPriority.quit()[pri:0, instance:testng.tests.TestPriority@290222c1]
]]>
  </system-out>
  <testcase classname="testng.tests.TestPriority" name="Fifth" time="0.002"/>
  <system-out>
    <![CDATA[In onTestStart(ITestResult arg) ===== :class com.listeners.hooks.Listener

In before method Invocation :class com.listeners.hooks.Listener

Before executingTestPriority.Fifth()[pri:3, instance:testng.tests.TestPriority@437da279]

In after method Invocation :class com.listeners.hooks.Listener

After executing :TestPriority.Fifth()[pri:3, instance:testng.tests.TestPriority@437da279]

In onTestSuccess(ITestResult result) ===== :class com.listeners.hooks.Listener

In before method Invocation :class com.listeners.hooks.Listener

Before executingTestPriority.quit()[pri:0, instance:testng.tests.TestPriority@437da279]
]]>
  </system-out>
</testsuite> <!-- testng.tests.TestPriority -->
