<?xml version="1.0" encoding="UTF-8"?>
<!-- Generated by org.testng.reporters.JUnitReportReporter -->
<testsuite hostname="LT14-HAH1-IND" failures="0" tests="1" name="com.webdriver.tests.TestNavigateTOInSPA" time="8.243" errors="0" timestamp="2021-09-09T14:51:06 IST" skipped="0">
  <testcase classname="com.webdriver.tests.TestNavigateTOInSPA" name="testNavigateToInSPA" time="8.243"/>
  <system-out/>
</testsuite> <!-- com.webdriver.tests.TestNavigateTOInSPA -->
