<?xml version="1.0" encoding="UTF-8"?>
<!-- Generated by org.testng.reporters.JUnitReportReporter -->
<testsuite hostname="LT14-HAH1-IND" failures="0" tests="1" name="com.webdriver.tests.TestOnAlreadyOpenedBrowser" time="4.366" errors="0" timestamp="2021-08-29T20:29:48 IST" skipped="0">
  <testcase classname="com.webdriver.tests.TestOnAlreadyOpenedBrowser" name="testDebuggingAddress" time="4.366"/>
  <system-out/>
</testsuite> <!-- com.webdriver.tests.TestOnAlreadyOpenedBrowser -->
