<?xml version="1.0" encoding="UTF-8"?>
<!-- Generated by org.testng.reporters.JUnitReportReporter -->
<testsuite hostname="LT14-HAH1-IND" failures="0" tests="1" name="com.webdriver.tests.TestDynamiWebTables" time="4.849" errors="0" timestamp="2021-08-30T16:19:11 IST" skipped="0">
  <testcase classname="com.webdriver.tests.TestDynamiWebTables" name="testWebTable" time="4.849"/>
  <system-out/>
</testsuite> <!-- com.webdriver.tests.TestDynamiWebTables -->
