<?xml version="1.0" encoding="UTF-8"?>
<!-- Generated by org.testng.reporters.JUnitReportReporter -->
<testsuite hostname="LT14-HAH1-IND" failures="0" tests="1" name="com.guru99.tests.TestScrolling" time="5.691" errors="0" timestamp="2021-08-25T11:19:20 IST" skipped="0">
  <testcase classname="com.guru99.tests.TestScrolling" name="TestScrollUpAndDown" time="5.691"/>
  <system-out/>
</testsuite> <!-- com.guru99.tests.TestScrolling -->
