<?xml version="1.0" encoding="UTF-8"?>
<!-- Generated by org.testng.reporters.JUnitReportReporter -->
<testsuite hostname="LT14-HAH1-IND" failures="0" tests="4" name="com.webdriver.tests.WebdriverExceptionsTest" time="1.801" errors="0" timestamp="2021-08-28T14:01:42 IST" skipped="1">
  <testcase classname="com.webdriver.tests.WebdriverExceptionsTest" name="testIllegalStateException" time="0.038"/>
  <system-out>
    <![CDATA[In onTestStart(ITestResult arg) ===== :class com.listeners.hooks.Listener

In before method Invocation :class com.listeners.hooks.Listener

Before executingWebdriverExceptionsTest.testIllegalStateException()[pri:0, instance:com.webdriver.tests.WebdriverExceptionsTest@4e70a728]

In after method Invocation :class com.listeners.hooks.Listener

After executing :WebdriverExceptionsTest.testIllegalStateException()[pri:0, instance:com.webdriver.tests.WebdriverExceptionsTest@4e70a728]

In onTestSuccess(ITestResult result) ===== :class com.listeners.hooks.Listener
]]>
  </system-out>
  <testcase classname="com.webdriver.tests.WebdriverExceptionsTest" name="testWebDriverException" time="0.711"/>
  <system-out>
    <![CDATA[In onTestStart(ITestResult arg) ===== :class com.listeners.hooks.Listener

In before method Invocation :class com.listeners.hooks.Listener

Before executingWebdriverExceptionsTest.testWebDriverException()[pri:0, instance:com.webdriver.tests.WebdriverExceptionsTest@4e70a728]

In after method Invocation :class com.listeners.hooks.Listener

After executing :WebdriverExceptionsTest.testWebDriverException()[pri:0, instance:com.webdriver.tests.WebdriverExceptionsTest@4e70a728]

In onTestSuccess(ITestResult result) ===== :class com.listeners.hooks.Listener
]]>
  </system-out>
  <testcase classname="com.webdriver.tests.WebdriverExceptionsTest" name="testRUL" time="1.052"/>
  <system-out>
    <![CDATA[In onTestStart(ITestResult arg) ===== :class com.listeners.hooks.Listener

In before method Invocation :class com.listeners.hooks.Listener

Before executingWebdriverExceptionsTest.testRUL()[pri:0, instance:com.webdriver.tests.WebdriverExceptionsTest@4e70a728]

In after method Invocation :class com.listeners.hooks.Listener

After executing :WebdriverExceptionsTest.testRUL()[pri:0, instance:com.webdriver.tests.WebdriverExceptionsTest@4e70a728]

In onTestSuccess(ITestResult result) ===== :class com.listeners.hooks.Listener
]]>
  </system-out>
  <testcase classname="com.webdriver.tests.WebdriverExceptionsTest" name="setBrowserFunc">
    <skipped/>
  </testcase> <!-- setBrowserFunc -->
  <system-out/>
</testsuite> <!-- com.webdriver.tests.WebdriverExceptionsTest -->
