<?xml version="1.0" encoding="UTF-8"?>
<!-- Generated by org.testng.reporters.JUnitReportReporter -->
<testsuite hostname="LT14-HAH1-IND" failures="0" tests="1" name="com.webdriver.tests.LocalStorageTest" time="3.762" errors="0" timestamp="2021-08-29T12:24:35 IST" skipped="0">
  <testcase classname="com.webdriver.tests.LocalStorageTest" name="testLocalStorage" time="3.762"/>
  <system-out/>
</testsuite> <!-- com.webdriver.tests.LocalStorageTest -->
