<?xml version="1.0" encoding="UTF-8"?>
<!-- Generated by org.testng.reporters.JUnitReportReporter -->
<testsuite skipped="0" hostname="HAH1W10BLR" name="com.core.tests.TestBase" tests="1" failures="0" timestamp="2021-07-29T12:10:16 IST" time="3.778" errors="0">
  <testcase name="openBrowser" time="3.778" classname="com.core.tests.TestBase"/>
  <system-out/>
</testsuite> <!-- com.core.tests.TestBase -->
