<?xml version="1.0" encoding="UTF-8"?>
<!-- Generated by org.testng.reporters.JUnitReportReporter -->
<testsuite hostname="LT14-HAH1-IND" failures="0" tests="3" name="testng.tests.TestGrouping" time="0.012" errors="0" timestamp="2021-08-24T15:12:02 IST" skipped="0">
  <testcase classname="testng.tests.TestGrouping" name="elephant" time="0.001"/>
  <system-out/>
  <testcase classname="testng.tests.TestGrouping" name="snake" time="0.001"/>
  <system-out/>
  <testcase classname="testng.tests.TestGrouping" name="dog" time="0.010"/>
  <system-out/>
</testsuite> <!-- testng.tests.TestGrouping -->
