<?xml version="1.0" encoding="UTF-8"?>
<!-- Generated by org.testng.reporters.JUnitReportReporter -->
<testsuite hostname="LT14-HAH1-IND" failures="0" tests="1" name="com.webdriver.tests.TestAcceptSSL" time="13.723" errors="0" timestamp="2021-08-30T17:48:54 IST" skipped="0">
  <testcase classname="com.webdriver.tests.TestAcceptSSL" name="testFFAcceptingSSL" time="13.723"/>
  <system-out/>
</testsuite> <!-- com.webdriver.tests.TestAcceptSSL -->
