<?xml version="1.0" encoding="UTF-8"?>
<!-- Generated by org.testng.reporters.JUnitReportReporter -->
<testsuite hostname="LAPTOP-TG0KRG92" failures="0" tests="2" name="com.rahulshetty.tests.TestRSAcademy" time="11.744" errors="0" timestamp="2021-08-04T14:59:51 IST" skipped="0">
  <testcase classname="com.rahulshetty.tests.TestRSAcademy" name="testCurrencySelection" time="11.192"/>
  <system-out/>
  <testcase classname="com.rahulshetty.tests.TestRSAcademy" name="testPassengersSelection" time="0.552"/>
  <system-out/>
</testsuite> <!-- com.rahulshetty.tests.TestRSAcademy -->
