<?xml version="1.0" encoding="UTF-8"?>
<!-- Generated by org.testng.reporters.JUnitReportReporter -->
<testsuite hostname="LT14-HAH1-IND" failures="0" tests="2" name="com.webdriver.tests.AcceptSSLTest" time="15.799" errors="0" timestamp="2021-08-30T17:40:35 IST" skipped="0">
  <testcase classname="com.webdriver.tests.AcceptSSLTest" name="testSSLAtOptionsLevel" time="9.726"/>
  <system-out/>
  <testcase classname="com.webdriver.tests.AcceptSSLTest" name="testSSL" time="6.073"/>
  <system-out/>
</testsuite> <!-- com.webdriver.tests.AcceptSSLTest -->
