<?xml version="1.0" encoding="UTF-8"?>
<!-- Generated by org.testng.reporters.JUnitReportReporter -->
<testsuite hostname="LT14-HAH1-IND" failures="0" tests="2" name="com.grid.tests.TestGrid" time="13.371" errors="0" timestamp="2021-08-06T00:05:07 IST" skipped="0">
  <testcase classname="com.grid.tests.TestGrid" name="testRunInstanceOnGrid" time="5.040"/>
  <system-out>
    <![CDATA[In onTestStart(ITestResult arg) ===== :class sample.listener.Listener

In before method Invocation :class sample.listener.Listener

Before executingTestGrid.testRunInstanceOnGrid(java.lang.String,java.lang.String)[pri:0, instance:com.grid.tests.TestGrid@793be5ca]

In after method Invocation :class sample.listener.Listener

After executing :TestGrid.testRunInstanceOnGrid(java.lang.String,java.lang.String)[pri:0, instance:com.grid.tests.TestGrid@793be5ca]

In onTestSuccess(ITestResult result) ===== :class sample.listener.Listener
]]>
  </system-out>
  <testcase classname="com.grid.tests.TestGrid" name="testRunInstanceOnGrid" time="8.331"/>
  <system-out>
    <![CDATA[In onTestStart(ITestResult arg) ===== :class sample.listener.Listener

In before method Invocation :class sample.listener.Listener

Before executingTestGrid.testRunInstanceOnGrid(java.lang.String,java.lang.String)[pri:0, instance:com.grid.tests.TestGrid@209da20d]

In after method Invocation :class sample.listener.Listener

After executing :TestGrid.testRunInstanceOnGrid(java.lang.String,java.lang.String)[pri:0, instance:com.grid.tests.TestGrid@209da20d]

In onTestSuccess(ITestResult result) ===== :class sample.listener.Listener
]]>
  </system-out>
</testsuite> <!-- com.grid.tests.TestGrid -->
