<?xml version="1.0" encoding="UTF-8"?>
<!-- Generated by org.testng.reporters.JUnitReportReporter -->
<testsuite hostname="LT14-HAH1-IND" failures="0" tests="1" name="com.webdriver.tests.TestAccessMultipleWebsites" time="38.630" errors="0" timestamp="2021-08-29T21:03:24 IST" skipped="0">
  <testcase classname="com.webdriver.tests.TestAccessMultipleWebsites" name="testNavigation" time="38.630"/>
  <system-out/>
</testsuite> <!-- com.webdriver.tests.TestAccessMultipleWebsites -->
