<?xml version="1.0" encoding="UTF-8"?>
<!-- Generated by org.testng.reporters.JUnitReportReporter -->
<testsuite hostname="HAH1W10BLR" name="sample.tests.TestAPHome" tests="2" failures="0" timestamp="11 Jul 2021 11:47:04 GMT" time="45.435" errors="0">
  <testcase name="TestAPTitle" time="29.141" classname="sample.tests.TestAPHome"/>
  <testcase name="openBrowser" time="16.294" classname="sample.tests.TestAPHome"/>
</testsuite> <!-- sample.tests.TestAPHome -->
