<?xml version="1.0" encoding="UTF-8"?>
<!-- Generated by org.testng.reporters.JUnitReportReporter -->
<testsuite hostname="LAPTOP-TG0KRG92" failures="0" tests="30" name="sample.tests.TestGrouping" time="0.020" errors="0" timestamp="17 Jul 2021 18:18:26 GMT">
  <testcase classname="sample.tests.TestGrouping" name="shark" time="0.000"/>
  <testcase classname="sample.tests.TestGrouping" name="whale" time="0.001"/>
  <testcase classname="sample.tests.TestGrouping" name="frog" time="0.000"/>
  <testcase classname="sample.tests.TestGrouping" name="whale" time="0.002"/>
  <testcase classname="sample.tests.TestGrouping" name="dolphin" time="0.000"/>
  <testcase classname="sample.tests.TestGrouping" name="snake" time="0.000"/>
  <testcase classname="sample.tests.TestGrouping" name="elephant" time="0.000"/>
  <testcase classname="sample.tests.TestGrouping" name="elephant" time="0.000"/>
  <testcase classname="sample.tests.TestGrouping" name="dog" time="0.000"/>
  <testcase classname="sample.tests.TestGrouping" name="dolphin" time="0.002"/>
  <testcase classname="sample.tests.TestGrouping" name="croc" time="0.005"/>
  <testcase classname="sample.tests.TestGrouping" name="whale" time="0.000"/>
  <testcase classname="sample.tests.TestGrouping" name="whale" time="0.001"/>
  <testcase classname="sample.tests.TestGrouping" name="croc" time="0.000"/>
  <testcase classname="sample.tests.TestGrouping" name="frog" time="0.001"/>
  <testcase classname="sample.tests.TestGrouping" name="frog" time="0.000"/>
  <testcase classname="sample.tests.TestGrouping" name="shark" time="0.000"/>
  <testcase classname="sample.tests.TestGrouping" name="dolphin" time="0.001"/>
  <testcase classname="sample.tests.TestGrouping" name="snake" time="0.001"/>
  <testcase classname="sample.tests.TestGrouping" name="croc" time="0.000"/>
  <testcase classname="sample.tests.TestGrouping" name="dog" time="0.001"/>
  <testcase classname="sample.tests.TestGrouping" name="snake" time="0.000"/>
  <testcase classname="sample.tests.TestGrouping" name="dog" time="0.000"/>
  <testcase classname="sample.tests.TestGrouping" name="elephant" time="0.000"/>
  <testcase classname="sample.tests.TestGrouping" name="croc" time="0.001"/>
  <testcase classname="sample.tests.TestGrouping" name="whale" time="0.001"/>
  <testcase classname="sample.tests.TestGrouping" name="shark" time="0.001"/>
  <testcase classname="sample.tests.TestGrouping" name="elephant" time="0.001"/>
  <testcase classname="sample.tests.TestGrouping" name="dog" time="0.000"/>
  <testcase classname="sample.tests.TestGrouping" name="snake" time="0.001"/>
</testsuite> <!-- sample.tests.TestGrouping -->
